生成启动时间为 2022/7/6 11:16:30。
     1>项目“D:\Learn something\workspace\sourcefile for C\2022_07_01\2022_07_01\2022_07_01.vcxproj”在节点 2 上(build 个目标)。
     1>InitializeBuildStatus:
         正在创建“Debug\2022_07_01.unsuccessfulbuild”，因为已指定“AlwaysCreate”。
       ClCompile:
         D:\Install\visual studio 2010\VC\bin\CL.exe /c /ZI /nologo /W3 /WX- /Od /Oy- /D _MBCS /Gm /EHsc /RTC1 /MDd /GS /fp:precise /Zc:wchar_t /Zc:forScope /Fo"Debug\\" /Fd"Debug\vc100.pdb" /Gd /TC /analyze- /errorReport:prompt test.c test_1.c
         test_1.c
         test.c
         正在生成代码...
       Link:
         D:\Install\visual studio 2010\VC\bin\link.exe /ERRORREPORT:PROMPT /OUT:"D:\Learn something\workspace\sourcefile for C\2022_07_01\Debug\2022_07_01.exe" /NOLOGO kernel32.lib user32.lib gdi32.lib winspool.lib comdlg32.lib advapi32.lib shell32.lib ole32.lib oleaut32.lib uuid.lib odbc32.lib odbccp32.lib /MANIFEST /ManifestFile:"Debug\2022_07_01.exe.intermediate.manifest" /MANIFESTUAC:"level='asInvoker' uiAccess='false'" /DEBUG /PDB:"D:\Learn something\workspace\sourcefile for C\2022_07_01\Debug\2022_07_01.pdb" /SUBSYSTEM:CONSOLE /TLBID:1 /DYNAMICBASE /NXCOMPAT /IMPLIB:"D:\Learn something\workspace\sourcefile for C\2022_07_01\Debug\2022_07_01.lib" /MACHINE:X86 Debug\test.obj
         Debug\test_1.obj
         LINK : 没有找到 D:\Learn something\workspace\sourcefile for C\2022_07_01\Debug\2022_07_01.exe 或上一个增量链接没有生成它；正在执行完全链接
     1>test.obj : error LNK2001: 无法解析的外部符号 _a
     1>D:\Learn something\workspace\sourcefile for C\2022_07_01\Debug\2022_07_01.exe : fatal error LNK1120: 1 个无法解析的外部命令
     1>已完成生成项目“D:\Learn something\workspace\sourcefile for C\2022_07_01\2022_07_01\2022_07_01.vcxproj”(build 个目标)的操作 - 失败。

生成失败。

已用时间 00:00:00.13
